<?xml version="1.0" encoding="UTF-8"?>
<!-- Generated by org.testng.reporters.JUnitXMLReporter -->
<testsuite ignored="0" hostname="DESKTOP-BQM7C8D" failures="1" tests="3" name="Validate Errors TestCases" time="29.311" errors="0" timestamp="2024-06-30T15:26:05 IST">
  <testcase classname="Test.Framework.ValidateErrorsTest" name="loginValidtionMessage" time="1.463">
    <skipped/>
  </testcase> <!-- loginValidtionMessage -->
  <testcase classname="Test.Framework.ValidateErrorsTest" name="loginValidtionMessage" time="0.814">
    <failure type="java.lang.AssertionError" message="expected [Incorrect email or password.] but found [Incorrect email password.]">
      <![CDATA[java.lang.AssertionError: expected [Incorrect email or password.] but found [Incorrect email password.]
at Test.Framework.ValidateErrorsTest.loginValidtionMessage(ValidateErrorsTest.java:19)
at java.base/java.util.ArrayList.forEach(ArrayList.java:1511)
at java.base/java.util.concurrent.FutureTask.run(FutureTask.java:264)
at java.base/java.util.concurrent.ThreadPoolExecutor.runWorker(ThreadPoolExecutor.java:1136)
at java.base/java.util.concurrent.ThreadPoolExecutor$Worker.run(ThreadPoolExecutor.java:635)
at java.base/java.lang.Thread.run(Thread.java:840)
... Removed 24 stack frames]]>
    </failure>
  </testcase> <!-- loginValidtionMessage -->
  <testcase classname="Test.Framework.ValidateErrorsTest" name="productnotfoundinCart" time="12.413"/>
</testsuite> <!-- Validate Errors TestCases -->
